<?xml version="1.0" encoding="UTF-8"?>
<!-- Generated by org.testng.reporters.JUnitXMLReporter -->
<testsuite ignored="0" hostname="LAPTOP-LBIUQGKJ" failures="0" tests="0" name="Test" time="24.518" errors="0" timestamp="2023-01-09T17:18:18 IST">
  <testcase classname="genericLibraries.BaseClass" name="@AfterClass classTeardown" time="0.504">
    <failure type="java.lang.NullPointerException" message="Cannot invoke &amp;quot;genericLibraries.ExcelFileUtility.closeExcel()&amp;quot; because &amp;quot;this.excel&amp;quot; is null">
      <![CDATA[java.lang.NullPointerException: Cannot invoke "genericLibraries.ExcelFileUtility.closeExcel()" because "this.excel" is null
at genericLibraries.BaseClass.classTeardown(BaseClass.java:106)
at java.base/java.util.ArrayList.forEach(ArrayList.java:1511)
... Removed 25 stack frames]]>
    </failure>
  </testcase> <!-- @AfterClass classTeardown -->
</testsuite> <!-- Test -->
