<?xml version="1.0" encoding="UTF-8"?>
<testng-results ignored="0" total="1" passed="1" failed="0" skipped="0">
  <reporter-output>
  </reporter-output>
  <suite started-at="2023-01-11T19:42:45 IST" name="Default suite" finished-at="2023-01-11T19:43:08 IST" duration-ms="23651">
    <groups>
    </groups>
    <test started-at="2023-01-11T19:42:45 IST" name="Default test" finished-at="2023-01-11T19:43:08 IST" duration-ms="23651">
      <class name="testNGImplementation.CreateOrganizationTest">
        <test-method is-config="true" signature="classSetup()[pri:0, instance:testNGImplementation.CreateOrganizationTest@67f639d3]" started-at="2023-01-11T19:42:45 IST" name="classSetup" finished-at="2023-01-11T19:42:49 IST" duration-ms="4835" status="PASS">
          <reporter-output>
          </reporter-output>
        </test-method> <!-- classSetup -->
        <test-method is-config="true" signature="methodSetup()[pri:0, instance:testNGImplementation.CreateOrganizationTest@67f639d3]" started-at="2023-01-11T19:42:49 IST" name="methodSetup" finished-at="2023-01-11T19:42:54 IST" duration-ms="4286" status="PASS">
          <reporter-output>
          </reporter-output>
        </test-method> <!-- methodSetup -->
        <test-method signature="createOrganizationTest()[pri:0, instance:testNGImplementation.CreateOrganizationTest@67f639d3]" started-at="2023-01-11T19:42:54 IST" name="createOrganizationTest" finished-at="2023-01-11T19:43:05 IST" duration-ms="11576" status="PASS">
          <reporter-output>
          </reporter-output>
        </test-method> <!-- createOrganizationTest -->
        <test-method is-config="true" signature="methodTeardown()[pri:0, instance:testNGImplementation.CreateOrganizationTest@67f639d3]" started-at="2023-01-11T19:43:05 IST" name="methodTeardown" finished-at="2023-01-11T19:43:08 IST" duration-ms="2720" status="PASS">
          <reporter-output>
          </reporter-output>
        </test-method> <!-- methodTeardown -->
        <test-method is-config="true" signature="classTeardown()[pri:0, instance:testNGImplementation.CreateOrganizationTest@67f639d3]" started-at="2023-01-11T19:43:08 IST" name="classTeardown" finished-at="2023-01-11T19:43:08 IST" duration-ms="196" status="PASS">
          <reporter-output>
          </reporter-output>
        </test-method> <!-- classTeardown -->
      </class> <!-- testNGImplementation.CreateOrganizationTest -->
    </test> <!-- Default test -->
  </suite> <!-- Default suite -->
</testng-results>
